
  .   ____          _            __ _ _
 /\\ / ___'_ __ _ _(_)_ __  __ _ \ \ \ \
( ( )\___ | '_ | '_| | '_ \/ _` | \ \ \ \
 \\/  ___)| |_)| | | | | || (_| |  ) ) ) )
  '  |____| .__|_| |_|_| |_\__, | / / / /
 =========|_|==============|___/=/_/_/_/
 :: Spring Boot ::                (v3.2.5)

2025-07-31T13:46:00.181+07:00  INFO 2009258 --- [transaction-producer] [           main] c.e.p.TransactionProducerApplication     : Starting TransactionProducerApplication v1.0.0 using Java 21.0.7 with PID 2009258 (/home/mhafizsir/Codes/fintopia-assignment/final/transaction-producer/target/transaction-producer-1.0.0.jar started by mhafizsir in /home/mhafizsir/Codes/fintopia-assignment/final/transaction-producer)
2025-07-31T13:46:00.182+07:00 DEBUG 2009258 --- [transaction-producer] [           main] c.e.p.TransactionProducerApplication     : Running with Spring Boot v3.2.5, Spring v6.1.6
2025-07-31T13:46:00.182+07:00  INFO 2009258 --- [transaction-producer] [           main] c.e.p.TransactionProducerApplication     : No active profile set, falling back to 1 default profile: "default"
2025-07-31T13:46:00.701+07:00  INFO 2009258 --- [transaction-producer] [           main] .s.d.r.c.RepositoryConfigurationDelegate : Bootstrapping Spring Data JPA repositories in DEFAULT mode.
2025-07-31T13:46:00.723+07:00  INFO 2009258 --- [transaction-producer] [           main] .s.d.r.c.RepositoryConfigurationDelegate : Finished Spring Data repository scanning in 18 ms. Found 1 JPA repository interface.
2025-07-31T13:46:01.050+07:00  INFO 2009258 --- [transaction-producer] [           main] o.s.b.w.embedded.tomcat.TomcatWebServer  : Tomcat initialized with port 8080 (http)
2025-07-31T13:46:01.056+07:00  INFO 2009258 --- [transaction-producer] [           main] o.apache.catalina.core.StandardService   : Starting service [Tomcat]
2025-07-31T13:46:01.056+07:00  INFO 2009258 --- [transaction-producer] [           main] o.apache.catalina.core.StandardEngine    : Starting Servlet engine: [Apache Tomcat/10.1.20]
2025-07-31T13:46:01.080+07:00  INFO 2009258 --- [transaction-producer] [           main] o.a.c.c.C.[Tomcat].[localhost].[/]       : Initializing Spring embedded WebApplicationContext
2025-07-31T13:46:01.081+07:00  INFO 2009258 --- [transaction-producer] [           main] w.s.c.ServletWebServerApplicationContext : Root WebApplicationContext: initialization completed in 859 ms
2025-07-31T13:46:01.229+07:00  INFO 2009258 --- [transaction-producer] [           main] o.hibernate.jpa.internal.util.LogHelper  : HHH000204: Processing PersistenceUnitInfo [name: default]
2025-07-31T13:46:01.258+07:00  INFO 2009258 --- [transaction-producer] [           main] org.hibernate.Version                    : HHH000412: Hibernate ORM core version 6.4.4.Final
2025-07-31T13:46:01.273+07:00  INFO 2009258 --- [transaction-producer] [           main] o.h.c.internal.RegionFactoryInitiator    : HHH000026: Second-level cache disabled
2025-07-31T13:46:01.368+07:00  INFO 2009258 --- [transaction-producer] [           main] o.s.o.j.p.SpringPersistenceUnitInfo      : No LoadTimeWeaver setup: ignoring JPA class transformer
2025-07-31T13:46:01.380+07:00  INFO 2009258 --- [transaction-producer] [           main] com.zaxxer.hikari.HikariDataSource       : HikariPool-1 - Starting...
2025-07-31T13:46:01.547+07:00  INFO 2009258 --- [transaction-producer] [           main] com.zaxxer.hikari.pool.HikariPool        : HikariPool-1 - Added connection com.mysql.cj.jdbc.ConnectionImpl@672d8370
2025-07-31T13:46:01.549+07:00  INFO 2009258 --- [transaction-producer] [           main] com.zaxxer.hikari.HikariDataSource       : HikariPool-1 - Start completed.
2025-07-31T13:46:01.579+07:00  WARN 2009258 --- [transaction-producer] [           main] org.hibernate.orm.deprecation            : HHH90000025: MySQLDialect does not need to be specified explicitly using 'hibernate.dialect' (remove the property setting and it will be selected by default)
2025-07-31T13:46:01.938+07:00  INFO 2009258 --- [transaction-producer] [           main] o.h.e.t.j.p.i.JtaPlatformInitiator       : HHH000489: No JTA platform available (set 'hibernate.transaction.jta.platform' to enable JTA platform integration)
2025-07-31T13:46:01.940+07:00  INFO 2009258 --- [transaction-producer] [           main] j.LocalContainerEntityManagerFactoryBean : Initialized JPA EntityManagerFactory for persistence unit 'default'
2025-07-31T13:46:02.096+07:00  INFO 2009258 --- [transaction-producer] [           main] o.s.d.j.r.query.QueryEnhancerFactory     : Hibernate is in classpath; If applicable, HQL parser will be used.
2025-07-31T13:46:02.356+07:00  WARN 2009258 --- [transaction-producer] [           main] JpaBaseConfiguration$JpaWebConfiguration : spring.jpa.open-in-view is enabled by default. Therefore, database queries may be performed during view rendering. Explicitly configure spring.jpa.open-in-view to disable this warning
2025-07-31T13:46:02.681+07:00  INFO 2009258 --- [transaction-producer] [           main] o.s.b.a.e.web.EndpointLinksResolver      : Exposing 4 endpoint(s) beneath base path '/actuator'
2025-07-31T13:46:02.719+07:00  INFO 2009258 --- [transaction-producer] [           main] o.s.b.w.embedded.tomcat.TomcatWebServer  : Tomcat started on port 8080 (http) with context path ''
2025-07-31T13:46:02.728+07:00  INFO 2009258 --- [transaction-producer] [           main] c.e.p.TransactionProducerApplication     : Started TransactionProducerApplication in 2.746 seconds (process running for 2.953)
2025-07-31T13:46:02.738+07:00  INFO 2009258 --- [transaction-producer] [   scheduling-1] c.e.producer.service.TransactionService  : Creating new transaction: orderId=ORDER-0945CE72
Hibernate: 
    insert 
    into
        transactions
        (amount, created_at, order_id, status, timestamp, updated_at, user_id) 
    values
        (?, ?, ?, ?, ?, ?, ?)
2025-07-31T13:46:02.807+07:00  INFO 2009258 --- [transaction-producer] [   scheduling-1] c.e.p.service.TransactionKafkaProducer   : Sending transaction to Kafka: orderId=ORDER-0945CE72, userId=1004, amount=4335.2927812558455
2025-07-31T13:46:02.820+07:00  INFO 2009258 --- [transaction-producer] [   scheduling-1] o.a.k.clients.producer.ProducerConfig    : ProducerConfig values: 
	acks = -1
	auto.include.jmx.reporter = true
	batch.size = 16384
	bootstrap.servers = [localhost:9092, localhost:9093, localhost:9094]
	buffer.memory = 33554432
	client.dns.lookup = use_all_dns_ips
	client.id = producer-1
	compression.type = none
	connections.max.idle.ms = 540000
	delivery.timeout.ms = 120000
	enable.idempotence = true
	interceptor.classes = []
	key.serializer = class io.confluent.kafka.serializers.KafkaAvroSerializer
	linger.ms = 0
	max.block.ms = 60000
	max.in.flight.requests.per.connection = 5
	max.request.size = 1048576
	metadata.max.age.ms = 300000
	metadata.max.idle.ms = 300000
	metric.reporters = []
	metrics.num.samples = 2
	metrics.recording.level = INFO
	metrics.sample.window.ms = 30000
	partitioner.adaptive.partitioning.enable = true
	partitioner.availability.timeout.ms = 0
	partitioner.class = null
	partitioner.ignore.keys = false
	receive.buffer.bytes = 32768
	reconnect.backoff.max.ms = 1000
	reconnect.backoff.ms = 50
	request.timeout.ms = 30000
	retries = 3
	retry.backoff.ms = 100
	sasl.client.callback.handler.class = null
	sasl.jaas.config = null
	sasl.kerberos.kinit.cmd = /usr/bin/kinit
	sasl.kerberos.min.time.before.relogin = 60000
	sasl.kerberos.service.name = null
	sasl.kerberos.ticket.renew.jitter = 0.05
	sasl.kerberos.ticket.renew.window.factor = 0.8
	sasl.login.callback.handler.class = null
	sasl.login.class = null
	sasl.login.connect.timeout.ms = null
	sasl.login.read.timeout.ms = null
	sasl.login.refresh.buffer.seconds = 300
	sasl.login.refresh.min.period.seconds = 60
	sasl.login.refresh.window.factor = 0.8
	sasl.login.refresh.window.jitter = 0.05
	sasl.login.retry.backoff.max.ms = 10000
	sasl.login.retry.backoff.ms = 100
	sasl.mechanism = GSSAPI
	sasl.oauthbearer.clock.skew.seconds = 30
	sasl.oauthbearer.expected.audience = null
	sasl.oauthbearer.expected.issuer = null
	sasl.oauthbearer.jwks.endpoint.refresh.ms = 3600000
	sasl.oauthbearer.jwks.endpoint.retry.backoff.max.ms = 10000
	sasl.oauthbearer.jwks.endpoint.retry.backoff.ms = 100
	sasl.oauthbearer.jwks.endpoint.url = null
	sasl.oauthbearer.scope.claim.name = scope
	sasl.oauthbearer.sub.claim.name = sub
	sasl.oauthbearer.token.endpoint.url = null
	security.protocol = PLAINTEXT
	security.providers = null
	send.buffer.bytes = 131072
	socket.connection.setup.timeout.max.ms = 30000
	socket.connection.setup.timeout.ms = 10000
	ssl.cipher.suites = null
	ssl.enabled.protocols = [TLSv1.2, TLSv1.3]
	ssl.endpoint.identification.algorithm = https
	ssl.engine.factory.class = null
	ssl.key.password = null
	ssl.keymanager.algorithm = SunX509
	ssl.keystore.certificate.chain = null
	ssl.keystore.key = null
	ssl.keystore.location = null
	ssl.keystore.password = null
	ssl.keystore.type = JKS
	ssl.protocol = TLSv1.3
	ssl.provider = null
	ssl.secure.random.implementation = null
	ssl.trustmanager.algorithm = PKIX
	ssl.truststore.certificates = null
	ssl.truststore.location = null
	ssl.truststore.password = null
	ssl.truststore.type = JKS
	transaction.timeout.ms = 60000
	transactional.id = null
	value.serializer = class io.confluent.kafka.serializers.KafkaAvroSerializer

2025-07-31T13:46:02.843+07:00  INFO 2009258 --- [transaction-producer] [   scheduling-1] i.c.k.s.KafkaAvroSerializerConfig        : KafkaAvroSerializerConfig values: 
	auto.register.schemas = true
	avro.reflection.allow.null = false
	avro.remove.java.properties = false
	avro.use.logical.type.converters = false
	basic.auth.credentials.source = URL
	basic.auth.user.info = [hidden]
	bearer.auth.cache.expiry.buffer.seconds = 300
	bearer.auth.client.id = null
	bearer.auth.client.secret = null
	bearer.auth.credentials.source = STATIC_TOKEN
	bearer.auth.identity.pool.id = null
	bearer.auth.issuer.endpoint.url = null
	bearer.auth.logical.cluster = null
	bearer.auth.scope = null
	bearer.auth.scope.claim.name = scope
	bearer.auth.sub.claim.name = sub
	bearer.auth.token = [hidden]
	context.name.strategy = class io.confluent.kafka.serializers.context.NullContextNameStrategy
	id.compatibility.strict = true
	key.subject.name.strategy = class io.confluent.kafka.serializers.subject.TopicNameStrategy
	latest.cache.size = 1000
	latest.cache.ttl.sec = -1
	latest.compatibility.strict = true
	max.schemas.per.subject = 1000
	normalize.schemas = false
	proxy.host = 
	proxy.port = -1
	rule.actions = []
	rule.executors = []
	schema.format = null
	schema.reflection = false
	schema.registry.basic.auth.user.info = [hidden]
	schema.registry.ssl.cipher.suites = null
	schema.registry.ssl.enabled.protocols = [TLSv1.2, TLSv1.3]
	schema.registry.ssl.endpoint.identification.algorithm = https
	schema.registry.ssl.engine.factory.class = null
	schema.registry.ssl.key.password = null
	schema.registry.ssl.keymanager.algorithm = SunX509
	schema.registry.ssl.keystore.certificate.chain = null
	schema.registry.ssl.keystore.key = null
	schema.registry.ssl.keystore.location = null
	schema.registry.ssl.keystore.password = null
	schema.registry.ssl.keystore.type = JKS
	schema.registry.ssl.protocol = TLSv1.3
	schema.registry.ssl.provider = null
	schema.registry.ssl.secure.random.implementation = null
	schema.registry.ssl.trustmanager.algorithm = PKIX
	schema.registry.ssl.truststore.certificates = null
	schema.registry.ssl.truststore.location = null
	schema.registry.ssl.truststore.password = null
	schema.registry.ssl.truststore.type = JKS
	schema.registry.url = [http://localhost:8081]
	use.latest.version = false
	use.latest.with.metadata = null
	use.schema.id = -1
	value.subject.name.strategy = class io.confluent.kafka.serializers.subject.TopicNameStrategy

2025-07-31T13:46:02.873+07:00  INFO 2009258 --- [transaction-producer] [   scheduling-1] i.c.k.s.KafkaAvroSerializerConfig        : KafkaAvroSerializerConfig values: 
	auto.register.schemas = true
	avro.reflection.allow.null = false
	avro.remove.java.properties = false
	avro.use.logical.type.converters = false
	basic.auth.credentials.source = URL
	basic.auth.user.info = [hidden]
	bearer.auth.cache.expiry.buffer.seconds = 300
	bearer.auth.client.id = null
	bearer.auth.client.secret = null
	bearer.auth.credentials.source = STATIC_TOKEN
	bearer.auth.identity.pool.id = null
	bearer.auth.issuer.endpoint.url = null
	bearer.auth.logical.cluster = null
	bearer.auth.scope = null
	bearer.auth.scope.claim.name = scope
	bearer.auth.sub.claim.name = sub
	bearer.auth.token = [hidden]
	context.name.strategy = class io.confluent.kafka.serializers.context.NullContextNameStrategy
	id.compatibility.strict = true
	key.subject.name.strategy = class io.confluent.kafka.serializers.subject.TopicNameStrategy
	latest.cache.size = 1000
	latest.cache.ttl.sec = -1
	latest.compatibility.strict = true
	max.schemas.per.subject = 1000
	normalize.schemas = false
	proxy.host = 
	proxy.port = -1
	rule.actions = []
	rule.executors = []
	schema.format = null
	schema.reflection = false
	schema.registry.basic.auth.user.info = [hidden]
	schema.registry.ssl.cipher.suites = null
	schema.registry.ssl.enabled.protocols = [TLSv1.2, TLSv1.3]
	schema.registry.ssl.endpoint.identification.algorithm = https
	schema.registry.ssl.engine.factory.class = null
	schema.registry.ssl.key.password = null
	schema.registry.ssl.keymanager.algorithm = SunX509
	schema.registry.ssl.keystore.certificate.chain = null
	schema.registry.ssl.keystore.key = null
	schema.registry.ssl.keystore.location = null
	schema.registry.ssl.keystore.password = null
	schema.registry.ssl.keystore.type = JKS
	schema.registry.ssl.protocol = TLSv1.3
	schema.registry.ssl.provider = null
	schema.registry.ssl.secure.random.implementation = null
	schema.registry.ssl.trustmanager.algorithm = PKIX
	schema.registry.ssl.truststore.certificates = null
	schema.registry.ssl.truststore.location = null
	schema.registry.ssl.truststore.password = null
	schema.registry.ssl.truststore.type = JKS
	schema.registry.url = [http://localhost:8081]
	use.latest.version = false
	use.latest.with.metadata = null
	use.schema.id = -1
	value.subject.name.strategy = class io.confluent.kafka.serializers.subject.TopicNameStrategy

2025-07-31T13:46:02.878+07:00  INFO 2009258 --- [transaction-producer] [   scheduling-1] o.a.k.clients.producer.KafkaProducer     : [Producer clientId=producer-1] Instantiated an idempotent producer.
2025-07-31T13:46:02.899+07:00  INFO 2009258 --- [transaction-producer] [   scheduling-1] o.a.kafka.common.utils.AppInfoParser     : Kafka version: 3.6.2
2025-07-31T13:46:02.899+07:00  INFO 2009258 --- [transaction-producer] [   scheduling-1] o.a.kafka.common.utils.AppInfoParser     : Kafka commitId: c4deed513057c94e
2025-07-31T13:46:02.899+07:00  INFO 2009258 --- [transaction-producer] [   scheduling-1] o.a.kafka.common.utils.AppInfoParser     : Kafka startTimeMs: 1753944362898
2025-07-31T13:46:03.035+07:00  INFO 2009258 --- [transaction-producer] [ad | producer-1] org.apache.kafka.clients.Metadata        : [Producer clientId=producer-1] Cluster ID: DbpyGNZxRQCNxaa0T55hhw
2025-07-31T13:46:03.043+07:00  INFO 2009258 --- [transaction-producer] [ad | producer-1] o.a.k.c.p.internals.TransactionManager   : [Producer clientId=producer-1] ProducerId set to 0 with epoch 0
2025-07-31T13:46:03.118+07:00  INFO 2009258 --- [transaction-producer] [   scheduling-1] c.e.producer.service.TransactionService  : Transaction created and sent to Kafka: id=6, orderId=ORDER-0945CE72
2025-07-31T13:46:03.123+07:00  INFO 2009258 --- [transaction-producer] [   scheduling-1] c.e.producer.service.MockDataGenerator   : Generated mock transaction: orderId=ORDER-0945CE72, userId=1004, amount=$4335.2927812558455, status=SUCCESS
2025-07-31T13:46:03.132+07:00  INFO 2009258 --- [transaction-producer] [ad | producer-1] c.e.p.service.TransactionKafkaProducer   : Successfully sent transaction: orderId=ORDER-0945CE72, offset=0
2025-07-31T13:46:19.863+07:00  INFO 2009258 --- [transaction-producer] [nio-8080-exec-1] o.a.c.c.C.[Tomcat].[localhost].[/]       : Initializing Spring DispatcherServlet 'dispatcherServlet'
2025-07-31T13:46:19.863+07:00  INFO 2009258 --- [transaction-producer] [nio-8080-exec-1] o.s.web.servlet.DispatcherServlet        : Initializing Servlet 'dispatcherServlet'
2025-07-31T13:46:19.864+07:00  INFO 2009258 --- [transaction-producer] [nio-8080-exec-1] o.s.web.servlet.DispatcherServlet        : Completed initialization in 1 ms
2025-07-31T13:46:25.178+07:00  INFO 2009258 --- [transaction-producer] [nio-8080-exec-2] c.e.p.controller.TransactionController   : Received create transaction request: orderId=TEST-001
2025-07-31T13:46:25.180+07:00  INFO 2009258 --- [transaction-producer] [nio-8080-exec-2] c.e.producer.service.TransactionService  : Creating new transaction: orderId=TEST-001
Hibernate: 
    insert 
    into
        transactions
        (amount, created_at, order_id, status, timestamp, updated_at, user_id) 
    values
        (?, ?, ?, ?, ?, ?, ?)
2025-07-31T13:46:25.181+07:00  INFO 2009258 --- [transaction-producer] [nio-8080-exec-2] c.e.p.service.TransactionKafkaProducer   : Sending transaction to Kafka: orderId=TEST-001, userId=1001, amount=99.99
2025-07-31T13:46:25.182+07:00  INFO 2009258 --- [transaction-producer] [nio-8080-exec-2] c.e.producer.service.TransactionService  : Transaction created and sent to Kafka: id=7, orderId=TEST-001
2025-07-31T13:46:25.185+07:00  INFO 2009258 --- [transaction-producer] [ad | producer-1] c.e.p.service.TransactionKafkaProducer   : Successfully sent transaction: orderId=TEST-001, offset=1
2025-07-31T13:46:29.802+07:00  INFO 2009258 --- [transaction-producer] [nio-8080-exec-4] c.e.p.controller.TransactionController   : Received create transaction request: orderId=TEST-002
2025-07-31T13:46:29.803+07:00  INFO 2009258 --- [transaction-producer] [nio-8080-exec-4] c.e.producer.service.TransactionService  : Creating new transaction: orderId=TEST-002
Hibernate: 
    insert 
    into
        transactions
        (amount, created_at, order_id, status, timestamp, updated_at, user_id) 
    values
        (?, ?, ?, ?, ?, ?, ?)
2025-07-31T13:46:29.804+07:00  INFO 2009258 --- [transaction-producer] [nio-8080-exec-4] c.e.p.service.TransactionKafkaProducer   : Sending transaction to Kafka: orderId=TEST-002, userId=1002, amount=15000000
2025-07-31T13:46:29.805+07:00  INFO 2009258 --- [transaction-producer] [nio-8080-exec-4] c.e.producer.service.TransactionService  : Transaction created and sent to Kafka: id=8, orderId=TEST-002
2025-07-31T13:46:29.806+07:00  INFO 2009258 --- [transaction-producer] [ad | producer-1] c.e.p.service.TransactionKafkaProducer   : Successfully sent transaction: orderId=TEST-002, offset=2
2025-07-31T13:46:33.125+07:00  INFO 2009258 --- [transaction-producer] [   scheduling-1] c.e.producer.service.TransactionService  : Creating new transaction: orderId=ORDER-A1488D0F
Hibernate: 
    insert 
    into
        transactions
        (amount, created_at, order_id, status, timestamp, updated_at, user_id) 
    values
        (?, ?, ?, ?, ?, ?, ?)
2025-07-31T13:46:33.127+07:00  INFO 2009258 --- [transaction-producer] [   scheduling-1] c.e.p.service.TransactionKafkaProducer   : Sending transaction to Kafka: orderId=ORDER-A1488D0F, userId=1003, amount=9917.242130010942
2025-07-31T13:46:33.127+07:00  INFO 2009258 --- [transaction-producer] [   scheduling-1] c.e.producer.service.TransactionService  : Transaction created and sent to Kafka: id=9, orderId=ORDER-A1488D0F
2025-07-31T13:46:33.129+07:00  INFO 2009258 --- [transaction-producer] [ad | producer-1] c.e.p.service.TransactionKafkaProducer   : Successfully sent transaction: orderId=ORDER-A1488D0F, offset=3
2025-07-31T13:46:33.129+07:00  INFO 2009258 --- [transaction-producer] [   scheduling-1] c.e.producer.service.MockDataGenerator   : Generated mock transaction: orderId=ORDER-A1488D0F, userId=1003, amount=$9917.242130010942, status=SUCCESS
2025-07-31T13:47:03.131+07:00  INFO 2009258 --- [transaction-producer] [   scheduling-1] c.e.producer.service.TransactionService  : Creating new transaction: orderId=ORDER-BA653244
Hibernate: 
    insert 
    into
        transactions
        (amount, created_at, order_id, status, timestamp, updated_at, user_id) 
    values
        (?, ?, ?, ?, ?, ?, ?)
2025-07-31T13:47:03.132+07:00  INFO 2009258 --- [transaction-producer] [   scheduling-1] c.e.p.service.TransactionKafkaProducer   : Sending transaction to Kafka: orderId=ORDER-BA653244, userId=1005, amount=5689.894614321909
2025-07-31T13:47:03.132+07:00  INFO 2009258 --- [transaction-producer] [   scheduling-1] c.e.producer.service.TransactionService  : Transaction created and sent to Kafka: id=10, orderId=ORDER-BA653244
2025-07-31T13:47:03.134+07:00  INFO 2009258 --- [transaction-producer] [ad | producer-1] c.e.p.service.TransactionKafkaProducer   : Successfully sent transaction: orderId=ORDER-BA653244, offset=4
2025-07-31T13:47:03.139+07:00  INFO 2009258 --- [transaction-producer] [   scheduling-1] c.e.producer.service.MockDataGenerator   : Generated mock transaction: orderId=ORDER-BA653244, userId=1005, amount=$5689.894614321909, status=PENDING
2025-07-31T13:47:33.141+07:00  INFO 2009258 --- [transaction-producer] [   scheduling-1] c.e.producer.service.TransactionService  : Creating new transaction: orderId=ORDER-FCE23DA6
Hibernate: 
    insert 
    into
        transactions
        (amount, created_at, order_id, status, timestamp, updated_at, user_id) 
    values
        (?, ?, ?, ?, ?, ?, ?)
2025-07-31T13:47:33.143+07:00  INFO 2009258 --- [transaction-producer] [   scheduling-1] c.e.p.service.TransactionKafkaProducer   : Sending transaction to Kafka: orderId=ORDER-FCE23DA6, userId=1002, amount=1609.505007063956
2025-07-31T13:47:33.144+07:00  INFO 2009258 --- [transaction-producer] [   scheduling-1] c.e.producer.service.TransactionService  : Transaction created and sent to Kafka: id=11, orderId=ORDER-FCE23DA6
2025-07-31T13:47:33.145+07:00  INFO 2009258 --- [transaction-producer] [ad | producer-1] c.e.p.service.TransactionKafkaProducer   : Successfully sent transaction: orderId=ORDER-FCE23DA6, offset=5
2025-07-31T13:47:33.146+07:00  INFO 2009258 --- [transaction-producer] [   scheduling-1] c.e.producer.service.MockDataGenerator   : Generated mock transaction: orderId=ORDER-FCE23DA6, userId=1002, amount=$1609.505007063956, status=PENDING
2025-07-31T13:48:03.149+07:00  INFO 2009258 --- [transaction-producer] [   scheduling-1] c.e.producer.service.TransactionService  : Creating new transaction: orderId=ORDER-0F0A8492
Hibernate: 
    insert 
    into
        transactions
        (amount, created_at, order_id, status, timestamp, updated_at, user_id) 
    values
        (?, ?, ?, ?, ?, ?, ?)
2025-07-31T13:48:03.151+07:00  INFO 2009258 --- [transaction-producer] [   scheduling-1] c.e.p.service.TransactionKafkaProducer   : Sending transaction to Kafka: orderId=ORDER-0F0A8492, userId=1006, amount=4976.581565133533
2025-07-31T13:48:03.151+07:00  INFO 2009258 --- [transaction-producer] [   scheduling-1] c.e.producer.service.TransactionService  : Transaction created and sent to Kafka: id=12, orderId=ORDER-0F0A8492
2025-07-31T13:48:03.153+07:00  INFO 2009258 --- [transaction-producer] [ad | producer-1] c.e.p.service.TransactionKafkaProducer   : Successfully sent transaction: orderId=ORDER-0F0A8492, offset=6
2025-07-31T13:48:03.153+07:00  INFO 2009258 --- [transaction-producer] [   scheduling-1] c.e.producer.service.MockDataGenerator   : Generated mock transaction: orderId=ORDER-0F0A8492, userId=1006, amount=$4976.581565133533, status=FAILED
2025-07-31T13:48:33.155+07:00  INFO 2009258 --- [transaction-producer] [   scheduling-1] c.e.producer.service.TransactionService  : Creating new transaction: orderId=ORDER-E5375F50
Hibernate: 
    insert 
    into
        transactions
        (amount, created_at, order_id, status, timestamp, updated_at, user_id) 
    values
        (?, ?, ?, ?, ?, ?, ?)
2025-07-31T13:48:33.157+07:00  INFO 2009258 --- [transaction-producer] [   scheduling-1] c.e.p.service.TransactionKafkaProducer   : Sending transaction to Kafka: orderId=ORDER-E5375F50, userId=1003, amount=5239.961990388837
2025-07-31T13:48:33.157+07:00  INFO 2009258 --- [transaction-producer] [   scheduling-1] c.e.producer.service.TransactionService  : Transaction created and sent to Kafka: id=13, orderId=ORDER-E5375F50
2025-07-31T13:48:33.159+07:00  INFO 2009258 --- [transaction-producer] [ad | producer-1] c.e.p.service.TransactionKafkaProducer   : Successfully sent transaction: orderId=ORDER-E5375F50, offset=7
2025-07-31T13:48:33.160+07:00  INFO 2009258 --- [transaction-producer] [   scheduling-1] c.e.producer.service.MockDataGenerator   : Generated mock transaction: orderId=ORDER-E5375F50, userId=1003, amount=$5239.961990388837, status=SUCCESS
2025-07-31T13:49:03.162+07:00  INFO 2009258 --- [transaction-producer] [   scheduling-1] c.e.producer.service.TransactionService  : Creating new transaction: orderId=ORDER-DC20AA01
Hibernate: 
    insert 
    into
        transactions
        (amount, created_at, order_id, status, timestamp, updated_at, user_id) 
    values
        (?, ?, ?, ?, ?, ?, ?)
2025-07-31T13:49:03.163+07:00  INFO 2009258 --- [transaction-producer] [   scheduling-1] c.e.p.service.TransactionKafkaProducer   : Sending transaction to Kafka: orderId=ORDER-DC20AA01, userId=1003, amount=4616.850297621374
2025-07-31T13:49:03.164+07:00  INFO 2009258 --- [transaction-producer] [   scheduling-1] c.e.producer.service.TransactionService  : Transaction created and sent to Kafka: id=14, orderId=ORDER-DC20AA01
2025-07-31T13:49:03.165+07:00  INFO 2009258 --- [transaction-producer] [ad | producer-1] c.e.p.service.TransactionKafkaProducer   : Successfully sent transaction: orderId=ORDER-DC20AA01, offset=8
2025-07-31T13:49:03.165+07:00  INFO 2009258 --- [transaction-producer] [   scheduling-1] c.e.producer.service.MockDataGenerator   : Generated mock transaction: orderId=ORDER-DC20AA01, userId=1003, amount=$4616.850297621374, status=FAILED
2025-07-31T13:49:33.167+07:00  INFO 2009258 --- [transaction-producer] [   scheduling-1] c.e.producer.service.TransactionService  : Creating new transaction: orderId=ORDER-8C4A9DAC
Hibernate: 
    insert 
    into
        transactions
        (amount, created_at, order_id, status, timestamp, updated_at, user_id) 
    values
        (?, ?, ?, ?, ?, ?, ?)
2025-07-31T13:49:33.169+07:00  INFO 2009258 --- [transaction-producer] [   scheduling-1] c.e.p.service.TransactionKafkaProducer   : Sending transaction to Kafka: orderId=ORDER-8C4A9DAC, userId=1001, amount=892.6175393609918
2025-07-31T13:49:33.169+07:00  INFO 2009258 --- [transaction-producer] [   scheduling-1] c.e.producer.service.TransactionService  : Transaction created and sent to Kafka: id=15, orderId=ORDER-8C4A9DAC
2025-07-31T13:49:33.171+07:00  INFO 2009258 --- [transaction-producer] [ad | producer-1] c.e.p.service.TransactionKafkaProducer   : Successfully sent transaction: orderId=ORDER-8C4A9DAC, offset=9
2025-07-31T13:49:33.171+07:00  INFO 2009258 --- [transaction-producer] [   scheduling-1] c.e.producer.service.MockDataGenerator   : Generated mock transaction: orderId=ORDER-8C4A9DAC, userId=1001, amount=$892.6175393609918, status=FAILED
2025-07-31T13:50:03.173+07:00  INFO 2009258 --- [transaction-producer] [   scheduling-1] c.e.producer.service.TransactionService  : Creating new transaction: orderId=ORDER-A454F58D
Hibernate: 
    insert 
    into
        transactions
        (amount, created_at, order_id, status, timestamp, updated_at, user_id) 
    values
        (?, ?, ?, ?, ?, ?, ?)
2025-07-31T13:50:03.174+07:00  INFO 2009258 --- [transaction-producer] [   scheduling-1] c.e.p.service.TransactionKafkaProducer   : Sending transaction to Kafka: orderId=ORDER-A454F58D, userId=1007, amount=8233.7500574394
2025-07-31T13:50:03.174+07:00  INFO 2009258 --- [transaction-producer] [   scheduling-1] c.e.producer.service.TransactionService  : Transaction created and sent to Kafka: id=16, orderId=ORDER-A454F58D
2025-07-31T13:50:03.176+07:00  INFO 2009258 --- [transaction-producer] [ad | producer-1] c.e.p.service.TransactionKafkaProducer   : Successfully sent transaction: orderId=ORDER-A454F58D, offset=10
2025-07-31T13:50:03.176+07:00  INFO 2009258 --- [transaction-producer] [   scheduling-1] c.e.producer.service.MockDataGenerator   : Generated mock transaction: orderId=ORDER-A454F58D, userId=1007, amount=$8233.7500574394, status=SUCCESS
2025-07-31T13:50:33.178+07:00  INFO 2009258 --- [transaction-producer] [   scheduling-1] c.e.producer.service.TransactionService  : Creating new transaction: orderId=ORDER-645BEB7B
Hibernate: 
    insert 
    into
        transactions
        (amount, created_at, order_id, status, timestamp, updated_at, user_id) 
    values
        (?, ?, ?, ?, ?, ?, ?)
2025-07-31T13:50:33.180+07:00  INFO 2009258 --- [transaction-producer] [   scheduling-1] c.e.p.service.TransactionKafkaProducer   : Sending transaction to Kafka: orderId=ORDER-645BEB7B, userId=1001, amount=5005.45754748064
2025-07-31T13:50:33.181+07:00  INFO 2009258 --- [transaction-producer] [   scheduling-1] c.e.producer.service.TransactionService  : Transaction created and sent to Kafka: id=17, orderId=ORDER-645BEB7B
2025-07-31T13:50:33.182+07:00  INFO 2009258 --- [transaction-producer] [ad | producer-1] c.e.p.service.TransactionKafkaProducer   : Successfully sent transaction: orderId=ORDER-645BEB7B, offset=11
2025-07-31T13:50:33.183+07:00  INFO 2009258 --- [transaction-producer] [   scheduling-1] c.e.producer.service.MockDataGenerator   : Generated mock transaction: orderId=ORDER-645BEB7B, userId=1001, amount=$5005.45754748064, status=PENDING
2025-07-31T13:51:03.184+07:00  INFO 2009258 --- [transaction-producer] [   scheduling-1] c.e.producer.service.TransactionService  : Creating new transaction: orderId=ORDER-09CEB6DD
Hibernate: 
    insert 
    into
        transactions
        (amount, created_at, order_id, status, timestamp, updated_at, user_id) 
    values
        (?, ?, ?, ?, ?, ?, ?)
2025-07-31T13:51:03.186+07:00  INFO 2009258 --- [transaction-producer] [   scheduling-1] c.e.p.service.TransactionKafkaProducer   : Sending transaction to Kafka: orderId=ORDER-09CEB6DD, userId=1001, amount=1139.2601085430533
2025-07-31T13:51:03.186+07:00  INFO 2009258 --- [transaction-producer] [   scheduling-1] c.e.producer.service.TransactionService  : Transaction created and sent to Kafka: id=18, orderId=ORDER-09CEB6DD
2025-07-31T13:51:03.187+07:00  INFO 2009258 --- [transaction-producer] [ad | producer-1] c.e.p.service.TransactionKafkaProducer   : Successfully sent transaction: orderId=ORDER-09CEB6DD, offset=12
2025-07-31T13:51:03.188+07:00  INFO 2009258 --- [transaction-producer] [   scheduling-1] c.e.producer.service.MockDataGenerator   : Generated mock transaction: orderId=ORDER-09CEB6DD, userId=1001, amount=$1139.2601085430533, status=PENDING
2025-07-31T13:51:33.190+07:00  INFO 2009258 --- [transaction-producer] [   scheduling-1] c.e.producer.service.TransactionService  : Creating new transaction: orderId=ORDER-71D5BDEB
Hibernate: 
    insert 
    into
        transactions
        (amount, created_at, order_id, status, timestamp, updated_at, user_id) 
    values
        (?, ?, ?, ?, ?, ?, ?)
2025-07-31T13:51:33.192+07:00  INFO 2009258 --- [transaction-producer] [   scheduling-1] c.e.p.service.TransactionKafkaProducer   : Sending transaction to Kafka: orderId=ORDER-71D5BDEB, userId=1010, amount=2036.2707351618367
2025-07-31T13:51:33.192+07:00  INFO 2009258 --- [transaction-producer] [   scheduling-1] c.e.producer.service.TransactionService  : Transaction created and sent to Kafka: id=19, orderId=ORDER-71D5BDEB
2025-07-31T13:51:33.193+07:00  INFO 2009258 --- [transaction-producer] [ad | producer-1] c.e.p.service.TransactionKafkaProducer   : Successfully sent transaction: orderId=ORDER-71D5BDEB, offset=13
2025-07-31T13:51:33.194+07:00  INFO 2009258 --- [transaction-producer] [   scheduling-1] c.e.producer.service.MockDataGenerator   : Generated mock transaction: orderId=ORDER-71D5BDEB, userId=1010, amount=$2036.2707351618367, status=FAILED
2025-07-31T13:51:35.081+07:00  INFO 2009258 --- [transaction-producer] [nio-8080-exec-6] c.e.p.controller.TransactionController   : Received create transaction request: orderId=TEST-003
2025-07-31T13:51:35.082+07:00  INFO 2009258 --- [transaction-producer] [nio-8080-exec-6] c.e.producer.service.TransactionService  : Creating new transaction: orderId=TEST-003
Hibernate: 
    insert 
    into
        transactions
        (amount, created_at, order_id, status, timestamp, updated_at, user_id) 
    values
        (?, ?, ?, ?, ?, ?, ?)
2025-07-31T13:51:35.084+07:00  INFO 2009258 --- [transaction-producer] [nio-8080-exec-6] c.e.p.service.TransactionKafkaProducer   : Sending transaction to Kafka: orderId=TEST-003, userId=1003, amount=25000000
2025-07-31T13:51:35.084+07:00  INFO 2009258 --- [transaction-producer] [nio-8080-exec-6] c.e.producer.service.TransactionService  : Transaction created and sent to Kafka: id=20, orderId=TEST-003
2025-07-31T13:51:35.085+07:00  INFO 2009258 --- [transaction-producer] [ad | producer-1] c.e.p.service.TransactionKafkaProducer   : Successfully sent transaction: orderId=TEST-003, offset=14
2025-07-31T13:52:03.196+07:00  INFO 2009258 --- [transaction-producer] [   scheduling-1] c.e.producer.service.TransactionService  : Creating new transaction: orderId=ORDER-E31855D1
Hibernate: 
    insert 
    into
        transactions
        (amount, created_at, order_id, status, timestamp, updated_at, user_id) 
    values
        (?, ?, ?, ?, ?, ?, ?)
2025-07-31T13:52:03.198+07:00  INFO 2009258 --- [transaction-producer] [   scheduling-1] c.e.p.service.TransactionKafkaProducer   : Sending transaction to Kafka: orderId=ORDER-E31855D1, userId=1004, amount=8386.29278259325
2025-07-31T13:52:03.198+07:00  INFO 2009258 --- [transaction-producer] [   scheduling-1] c.e.producer.service.TransactionService  : Transaction created and sent to Kafka: id=21, orderId=ORDER-E31855D1
2025-07-31T13:52:03.200+07:00  INFO 2009258 --- [transaction-producer] [ad | producer-1] c.e.p.service.TransactionKafkaProducer   : Successfully sent transaction: orderId=ORDER-E31855D1, offset=15
2025-07-31T13:52:03.200+07:00  INFO 2009258 --- [transaction-producer] [   scheduling-1] c.e.producer.service.MockDataGenerator   : Generated mock transaction: orderId=ORDER-E31855D1, userId=1004, amount=$8386.29278259325, status=FAILED
Hibernate: 
    select
        t1_0.id,
        t1_0.amount,
        t1_0.created_at,
        t1_0.order_id,
        t1_0.status,
        t1_0.timestamp,
        t1_0.updated_at,
        t1_0.user_id 
    from
        transactions t1_0 
    where
        t1_0.id=?
2025-07-31T13:52:33.201+07:00  INFO 2009258 --- [transaction-producer] [   scheduling-1] c.e.producer.service.TransactionService  : Creating new transaction: orderId=ORDER-DEDD0145
Hibernate: 
    insert 
    into
        transactions
        (amount, created_at, order_id, status, timestamp, updated_at, user_id) 
    values
        (?, ?, ?, ?, ?, ?, ?)
2025-07-31T13:52:33.203+07:00  INFO 2009258 --- [transaction-producer] [   scheduling-1] c.e.p.service.TransactionKafkaProducer   : Sending transaction to Kafka: orderId=ORDER-DEDD0145, userId=1009, amount=8794.058922497125
2025-07-31T13:52:33.203+07:00  INFO 2009258 --- [transaction-producer] [   scheduling-1] c.e.producer.service.TransactionService  : Transaction created and sent to Kafka: id=22, orderId=ORDER-DEDD0145
2025-07-31T13:52:33.204+07:00  INFO 2009258 --- [transaction-producer] [ad | producer-1] c.e.p.service.TransactionKafkaProducer   : Successfully sent transaction: orderId=ORDER-DEDD0145, offset=16
2025-07-31T13:52:33.205+07:00  INFO 2009258 --- [transaction-producer] [   scheduling-1] c.e.producer.service.MockDataGenerator   : Generated mock transaction: orderId=ORDER-DEDD0145, userId=1009, amount=$8794.058922497125, status=PENDING
2025-07-31T13:53:03.206+07:00  INFO 2009258 --- [transaction-producer] [   scheduling-1] c.e.producer.service.TransactionService  : Creating new transaction: orderId=ORDER-5CDAE80F
Hibernate: 
    insert 
    into
        transactions
        (amount, created_at, order_id, status, timestamp, updated_at, user_id) 
    values
        (?, ?, ?, ?, ?, ?, ?)
2025-07-31T13:53:03.207+07:00  INFO 2009258 --- [transaction-producer] [   scheduling-1] c.e.p.service.TransactionKafkaProducer   : Sending transaction to Kafka: orderId=ORDER-5CDAE80F, userId=1006, amount=2447.7601673369454
2025-07-31T13:53:03.208+07:00  INFO 2009258 --- [transaction-producer] [   scheduling-1] c.e.producer.service.TransactionService  : Transaction created and sent to Kafka: id=23, orderId=ORDER-5CDAE80F
2025-07-31T13:53:03.209+07:00  INFO 2009258 --- [transaction-producer] [ad | producer-1] c.e.p.service.TransactionKafkaProducer   : Successfully sent transaction: orderId=ORDER-5CDAE80F, offset=17
2025-07-31T13:53:03.210+07:00  INFO 2009258 --- [transaction-producer] [   scheduling-1] c.e.producer.service.MockDataGenerator   : Generated mock transaction: orderId=ORDER-5CDAE80F, userId=1006, amount=$2447.7601673369454, status=PENDING
2025-07-31T13:53:33.211+07:00  INFO 2009258 --- [transaction-producer] [   scheduling-1] c.e.producer.service.TransactionService  : Creating new transaction: orderId=ORDER-1EE9D237
Hibernate: 
    insert 
    into
        transactions
        (amount, created_at, order_id, status, timestamp, updated_at, user_id) 
    values
        (?, ?, ?, ?, ?, ?, ?)
2025-07-31T13:53:33.213+07:00  INFO 2009258 --- [transaction-producer] [   scheduling-1] c.e.p.service.TransactionKafkaProducer   : Sending transaction to Kafka: orderId=ORDER-1EE9D237, userId=1004, amount=7234.5947802424525
2025-07-31T13:53:33.213+07:00  INFO 2009258 --- [transaction-producer] [   scheduling-1] c.e.producer.service.TransactionService  : Transaction created and sent to Kafka: id=24, orderId=ORDER-1EE9D237
2025-07-31T13:53:33.214+07:00  INFO 2009258 --- [transaction-producer] [ad | producer-1] c.e.p.service.TransactionKafkaProducer   : Successfully sent transaction: orderId=ORDER-1EE9D237, offset=18
2025-07-31T13:53:33.215+07:00  INFO 2009258 --- [transaction-producer] [   scheduling-1] c.e.producer.service.MockDataGenerator   : Generated mock transaction: orderId=ORDER-1EE9D237, userId=1004, amount=$7234.5947802424525, status=FAILED
2025-07-31T13:54:03.217+07:00  INFO 2009258 --- [transaction-producer] [   scheduling-1] c.e.producer.service.TransactionService  : Creating new transaction: orderId=ORDER-6F00A79E
Hibernate: 
    insert 
    into
        transactions
        (amount, created_at, order_id, status, timestamp, updated_at, user_id) 
    values
        (?, ?, ?, ?, ?, ?, ?)
2025-07-31T13:54:03.218+07:00  INFO 2009258 --- [transaction-producer] [   scheduling-1] c.e.p.service.TransactionKafkaProducer   : Sending transaction to Kafka: orderId=ORDER-6F00A79E, userId=1001, amount=2823.2472033601957
2025-07-31T13:54:03.218+07:00  INFO 2009258 --- [transaction-producer] [   scheduling-1] c.e.producer.service.TransactionService  : Transaction created and sent to Kafka: id=25, orderId=ORDER-6F00A79E
2025-07-31T13:54:03.220+07:00  INFO 2009258 --- [transaction-producer] [ad | producer-1] c.e.p.service.TransactionKafkaProducer   : Successfully sent transaction: orderId=ORDER-6F00A79E, offset=19
2025-07-31T13:54:03.220+07:00  INFO 2009258 --- [transaction-producer] [   scheduling-1] c.e.producer.service.MockDataGenerator   : Generated mock transaction: orderId=ORDER-6F00A79E, userId=1001, amount=$2823.2472033601957, status=SUCCESS
2025-07-31T13:54:33.222+07:00  INFO 2009258 --- [transaction-producer] [   scheduling-1] c.e.producer.service.TransactionService  : Creating new transaction: orderId=ORDER-91ABE15C
Hibernate: 
    insert 
    into
        transactions
        (amount, created_at, order_id, status, timestamp, updated_at, user_id) 
    values
        (?, ?, ?, ?, ?, ?, ?)
2025-07-31T13:54:33.224+07:00  INFO 2009258 --- [transaction-producer] [   scheduling-1] c.e.p.service.TransactionKafkaProducer   : Sending transaction to Kafka: orderId=ORDER-91ABE15C, userId=1002, amount=7283.173199514438
2025-07-31T13:54:33.224+07:00  INFO 2009258 --- [transaction-producer] [   scheduling-1] c.e.producer.service.TransactionService  : Transaction created and sent to Kafka: id=26, orderId=ORDER-91ABE15C
2025-07-31T13:54:33.225+07:00  INFO 2009258 --- [transaction-producer] [ad | producer-1] c.e.p.service.TransactionKafkaProducer   : Successfully sent transaction: orderId=ORDER-91ABE15C, offset=20
2025-07-31T13:54:33.226+07:00  INFO 2009258 --- [transaction-producer] [   scheduling-1] c.e.producer.service.MockDataGenerator   : Generated mock transaction: orderId=ORDER-91ABE15C, userId=1002, amount=$7283.173199514438, status=FAILED
2025-07-31T13:55:03.227+07:00  INFO 2009258 --- [transaction-producer] [   scheduling-1] c.e.producer.service.TransactionService  : Creating new transaction: orderId=ORDER-76A60334
Hibernate: 
    insert 
    into
        transactions
        (amount, created_at, order_id, status, timestamp, updated_at, user_id) 
    values
        (?, ?, ?, ?, ?, ?, ?)
2025-07-31T13:55:03.228+07:00  INFO 2009258 --- [transaction-producer] [   scheduling-1] c.e.p.service.TransactionKafkaProducer   : Sending transaction to Kafka: orderId=ORDER-76A60334, userId=1003, amount=2874.205381068029
2025-07-31T13:55:03.228+07:00  INFO 2009258 --- [transaction-producer] [   scheduling-1] c.e.producer.service.TransactionService  : Transaction created and sent to Kafka: id=27, orderId=ORDER-76A60334
2025-07-31T13:55:03.229+07:00  INFO 2009258 --- [transaction-producer] [ad | producer-1] org.apache.kafka.clients.NetworkClient   : [Producer clientId=producer-1] Node -1 disconnected.
2025-07-31T13:55:03.229+07:00  INFO 2009258 --- [transaction-producer] [ad | producer-1] org.apache.kafka.clients.NetworkClient   : [Producer clientId=producer-1] Node -3 disconnected.
2025-07-31T13:55:03.230+07:00  INFO 2009258 --- [transaction-producer] [   scheduling-1] c.e.producer.service.MockDataGenerator   : Generated mock transaction: orderId=ORDER-76A60334, userId=1003, amount=$2874.205381068029, status=PENDING
2025-07-31T13:55:03.230+07:00  INFO 2009258 --- [transaction-producer] [ad | producer-1] c.e.p.service.TransactionKafkaProducer   : Successfully sent transaction: orderId=ORDER-76A60334, offset=21
2025-07-31T13:55:33.231+07:00  INFO 2009258 --- [transaction-producer] [   scheduling-1] c.e.producer.service.TransactionService  : Creating new transaction: orderId=ORDER-C440D73F
Hibernate: 
    insert 
    into
        transactions
        (amount, created_at, order_id, status, timestamp, updated_at, user_id) 
    values
        (?, ?, ?, ?, ?, ?, ?)
2025-07-31T13:55:33.233+07:00  INFO 2009258 --- [transaction-producer] [   scheduling-1] c.e.p.service.TransactionKafkaProducer   : Sending transaction to Kafka: orderId=ORDER-C440D73F, userId=1001, amount=1402.379555263129
2025-07-31T13:55:33.233+07:00  INFO 2009258 --- [transaction-producer] [   scheduling-1] c.e.producer.service.TransactionService  : Transaction created and sent to Kafka: id=28, orderId=ORDER-C440D73F
2025-07-31T13:55:33.234+07:00  INFO 2009258 --- [transaction-producer] [ad | producer-1] c.e.p.service.TransactionKafkaProducer   : Successfully sent transaction: orderId=ORDER-C440D73F, offset=22
2025-07-31T13:55:33.235+07:00  INFO 2009258 --- [transaction-producer] [   scheduling-1] c.e.producer.service.MockDataGenerator   : Generated mock transaction: orderId=ORDER-C440D73F, userId=1001, amount=$1402.379555263129, status=SUCCESS
2025-07-31T13:56:03.237+07:00  INFO 2009258 --- [transaction-producer] [   scheduling-1] c.e.producer.service.TransactionService  : Creating new transaction: orderId=ORDER-908D7C4A
Hibernate: 
    insert 
    into
        transactions
        (amount, created_at, order_id, status, timestamp, updated_at, user_id) 
    values
        (?, ?, ?, ?, ?, ?, ?)
2025-07-31T13:56:03.239+07:00  INFO 2009258 --- [transaction-producer] [   scheduling-1] c.e.p.service.TransactionKafkaProducer   : Sending transaction to Kafka: orderId=ORDER-908D7C4A, userId=1010, amount=1043.2293755907954
2025-07-31T13:56:03.239+07:00  INFO 2009258 --- [transaction-producer] [   scheduling-1] c.e.producer.service.TransactionService  : Transaction created and sent to Kafka: id=29, orderId=ORDER-908D7C4A
2025-07-31T13:56:03.240+07:00  INFO 2009258 --- [transaction-producer] [ad | producer-1] c.e.p.service.TransactionKafkaProducer   : Successfully sent transaction: orderId=ORDER-908D7C4A, offset=23
2025-07-31T13:56:03.241+07:00  INFO 2009258 --- [transaction-producer] [   scheduling-1] c.e.producer.service.MockDataGenerator   : Generated mock transaction: orderId=ORDER-908D7C4A, userId=1010, amount=$1043.2293755907954, status=FAILED
2025-07-31T13:56:33.243+07:00  INFO 2009258 --- [transaction-producer] [   scheduling-1] c.e.producer.service.TransactionService  : Creating new transaction: orderId=ORDER-6B9EE86D
Hibernate: 
    insert 
    into
        transactions
        (amount, created_at, order_id, status, timestamp, updated_at, user_id) 
    values
        (?, ?, ?, ?, ?, ?, ?)
2025-07-31T13:56:33.244+07:00  INFO 2009258 --- [transaction-producer] [   scheduling-1] c.e.p.service.TransactionKafkaProducer   : Sending transaction to Kafka: orderId=ORDER-6B9EE86D, userId=1002, amount=4163.869320955655
2025-07-31T13:56:33.244+07:00  INFO 2009258 --- [transaction-producer] [   scheduling-1] c.e.producer.service.TransactionService  : Transaction created and sent to Kafka: id=30, orderId=ORDER-6B9EE86D
2025-07-31T13:56:33.245+07:00  INFO 2009258 --- [transaction-producer] [ad | producer-1] c.e.p.service.TransactionKafkaProducer   : Successfully sent transaction: orderId=ORDER-6B9EE86D, offset=24
2025-07-31T13:56:33.246+07:00  INFO 2009258 --- [transaction-producer] [   scheduling-1] c.e.producer.service.MockDataGenerator   : Generated mock transaction: orderId=ORDER-6B9EE86D, userId=1002, amount=$4163.869320955655, status=SUCCESS
2025-07-31T13:57:03.248+07:00  INFO 2009258 --- [transaction-producer] [   scheduling-1] c.e.producer.service.TransactionService  : Creating new transaction: orderId=ORDER-90FDBB25
Hibernate: 
    insert 
    into
        transactions
        (amount, created_at, order_id, status, timestamp, updated_at, user_id) 
    values
        (?, ?, ?, ?, ?, ?, ?)
2025-07-31T13:57:03.249+07:00  INFO 2009258 --- [transaction-producer] [   scheduling-1] c.e.p.service.TransactionKafkaProducer   : Sending transaction to Kafka: orderId=ORDER-90FDBB25, userId=1001, amount=4039.01752337907
2025-07-31T13:57:03.249+07:00  INFO 2009258 --- [transaction-producer] [   scheduling-1] c.e.producer.service.TransactionService  : Transaction created and sent to Kafka: id=31, orderId=ORDER-90FDBB25
2025-07-31T13:57:03.250+07:00  INFO 2009258 --- [transaction-producer] [ad | producer-1] c.e.p.service.TransactionKafkaProducer   : Successfully sent transaction: orderId=ORDER-90FDBB25, offset=25
2025-07-31T13:57:03.251+07:00  INFO 2009258 --- [transaction-producer] [   scheduling-1] c.e.producer.service.MockDataGenerator   : Generated mock transaction: orderId=ORDER-90FDBB25, userId=1001, amount=$4039.01752337907, status=PENDING
2025-07-31T13:57:33.252+07:00  INFO 2009258 --- [transaction-producer] [   scheduling-1] c.e.producer.service.TransactionService  : Creating new transaction: orderId=ORDER-98BA775B
Hibernate: 
    insert 
    into
        transactions
        (amount, created_at, order_id, status, timestamp, updated_at, user_id) 
    values
        (?, ?, ?, ?, ?, ?, ?)
2025-07-31T13:57:33.254+07:00  INFO 2009258 --- [transaction-producer] [   scheduling-1] c.e.p.service.TransactionKafkaProducer   : Sending transaction to Kafka: orderId=ORDER-98BA775B, userId=1006, amount=3540.7757680186683
2025-07-31T13:57:33.254+07:00  INFO 2009258 --- [transaction-producer] [   scheduling-1] c.e.producer.service.TransactionService  : Transaction created and sent to Kafka: id=32, orderId=ORDER-98BA775B
2025-07-31T13:57:33.255+07:00  INFO 2009258 --- [transaction-producer] [ad | producer-1] c.e.p.service.TransactionKafkaProducer   : Successfully sent transaction: orderId=ORDER-98BA775B, offset=26
2025-07-31T13:57:33.256+07:00  INFO 2009258 --- [transaction-producer] [   scheduling-1] c.e.producer.service.MockDataGenerator   : Generated mock transaction: orderId=ORDER-98BA775B, userId=1006, amount=$3540.7757680186683, status=FAILED
2025-07-31T13:58:03.258+07:00  INFO 2009258 --- [transaction-producer] [   scheduling-1] c.e.producer.service.TransactionService  : Creating new transaction: orderId=ORDER-65AFB197
Hibernate: 
    insert 
    into
        transactions
        (amount, created_at, order_id, status, timestamp, updated_at, user_id) 
    values
        (?, ?, ?, ?, ?, ?, ?)
2025-07-31T13:58:03.260+07:00  INFO 2009258 --- [transaction-producer] [   scheduling-1] c.e.p.service.TransactionKafkaProducer   : Sending transaction to Kafka: orderId=ORDER-65AFB197, userId=1009, amount=5375.862410860376
2025-07-31T13:58:03.260+07:00  INFO 2009258 --- [transaction-producer] [   scheduling-1] c.e.producer.service.TransactionService  : Transaction created and sent to Kafka: id=33, orderId=ORDER-65AFB197
2025-07-31T13:58:03.261+07:00  INFO 2009258 --- [transaction-producer] [ad | producer-1] c.e.p.service.TransactionKafkaProducer   : Successfully sent transaction: orderId=ORDER-65AFB197, offset=27
2025-07-31T13:58:03.262+07:00  INFO 2009258 --- [transaction-producer] [   scheduling-1] c.e.producer.service.MockDataGenerator   : Generated mock transaction: orderId=ORDER-65AFB197, userId=1009, amount=$5375.862410860376, status=SUCCESS
2025-07-31T13:58:33.263+07:00  INFO 2009258 --- [transaction-producer] [   scheduling-1] c.e.producer.service.TransactionService  : Creating new transaction: orderId=ORDER-2DEC2295
Hibernate: 
    insert 
    into
        transactions
        (amount, created_at, order_id, status, timestamp, updated_at, user_id) 
    values
        (?, ?, ?, ?, ?, ?, ?)
2025-07-31T13:58:33.264+07:00  INFO 2009258 --- [transaction-producer] [   scheduling-1] c.e.p.service.TransactionKafkaProducer   : Sending transaction to Kafka: orderId=ORDER-2DEC2295, userId=1003, amount=5632.846235703563
2025-07-31T13:58:33.264+07:00  INFO 2009258 --- [transaction-producer] [   scheduling-1] c.e.producer.service.TransactionService  : Transaction created and sent to Kafka: id=34, orderId=ORDER-2DEC2295
2025-07-31T13:58:33.265+07:00  INFO 2009258 --- [transaction-producer] [ad | producer-1] c.e.p.service.TransactionKafkaProducer   : Successfully sent transaction: orderId=ORDER-2DEC2295, offset=28
2025-07-31T13:58:33.266+07:00  INFO 2009258 --- [transaction-producer] [   scheduling-1] c.e.producer.service.MockDataGenerator   : Generated mock transaction: orderId=ORDER-2DEC2295, userId=1003, amount=$5632.846235703563, status=SUCCESS
2025-07-31T13:59:03.267+07:00  INFO 2009258 --- [transaction-producer] [   scheduling-1] c.e.producer.service.TransactionService  : Creating new transaction: orderId=ORDER-BC8B9477
Hibernate: 
    insert 
    into
        transactions
        (amount, created_at, order_id, status, timestamp, updated_at, user_id) 
    values
        (?, ?, ?, ?, ?, ?, ?)
2025-07-31T13:59:03.269+07:00  INFO 2009258 --- [transaction-producer] [   scheduling-1] c.e.p.service.TransactionKafkaProducer   : Sending transaction to Kafka: orderId=ORDER-BC8B9477, userId=1007, amount=6464.901582530558
2025-07-31T13:59:03.269+07:00  INFO 2009258 --- [transaction-producer] [   scheduling-1] c.e.producer.service.TransactionService  : Transaction created and sent to Kafka: id=35, orderId=ORDER-BC8B9477
2025-07-31T13:59:03.270+07:00  INFO 2009258 --- [transaction-producer] [ad | producer-1] c.e.p.service.TransactionKafkaProducer   : Successfully sent transaction: orderId=ORDER-BC8B9477, offset=29
2025-07-31T13:59:03.271+07:00  INFO 2009258 --- [transaction-producer] [   scheduling-1] c.e.producer.service.MockDataGenerator   : Generated mock transaction: orderId=ORDER-BC8B9477, userId=1007, amount=$6464.901582530558, status=FAILED
2025-07-31T13:59:33.272+07:00  INFO 2009258 --- [transaction-producer] [   scheduling-1] c.e.producer.service.TransactionService  : Creating new transaction: orderId=ORDER-4A9FBE3E
Hibernate: 
    insert 
    into
        transactions
        (amount, created_at, order_id, status, timestamp, updated_at, user_id) 
    values
        (?, ?, ?, ?, ?, ?, ?)
2025-07-31T13:59:33.273+07:00  INFO 2009258 --- [transaction-producer] [   scheduling-1] c.e.p.service.TransactionKafkaProducer   : Sending transaction to Kafka: orderId=ORDER-4A9FBE3E, userId=1006, amount=8480.107544871378
2025-07-31T13:59:33.273+07:00  INFO 2009258 --- [transaction-producer] [   scheduling-1] c.e.producer.service.TransactionService  : Transaction created and sent to Kafka: id=36, orderId=ORDER-4A9FBE3E
2025-07-31T13:59:33.275+07:00  INFO 2009258 --- [transaction-producer] [ad | producer-1] c.e.p.service.TransactionKafkaProducer   : Successfully sent transaction: orderId=ORDER-4A9FBE3E, offset=30
2025-07-31T13:59:33.276+07:00  INFO 2009258 --- [transaction-producer] [   scheduling-1] c.e.producer.service.MockDataGenerator   : Generated mock transaction: orderId=ORDER-4A9FBE3E, userId=1006, amount=$8480.107544871378, status=SUCCESS
2025-07-31T14:00:03.277+07:00  INFO 2009258 --- [transaction-producer] [   scheduling-1] c.e.producer.service.TransactionService  : Creating new transaction: orderId=ORDER-0A028AC1
Hibernate: 
    insert 
    into
        transactions
        (amount, created_at, order_id, status, timestamp, updated_at, user_id) 
    values
        (?, ?, ?, ?, ?, ?, ?)
2025-07-31T14:00:03.278+07:00  INFO 2009258 --- [transaction-producer] [   scheduling-1] c.e.p.service.TransactionKafkaProducer   : Sending transaction to Kafka: orderId=ORDER-0A028AC1, userId=1004, amount=7491.5094519593595
2025-07-31T14:00:03.279+07:00  INFO 2009258 --- [transaction-producer] [   scheduling-1] c.e.producer.service.TransactionService  : Transaction created and sent to Kafka: id=37, orderId=ORDER-0A028AC1
2025-07-31T14:00:03.280+07:00  INFO 2009258 --- [transaction-producer] [ad | producer-1] c.e.p.service.TransactionKafkaProducer   : Successfully sent transaction: orderId=ORDER-0A028AC1, offset=31
2025-07-31T14:00:03.281+07:00  INFO 2009258 --- [transaction-producer] [   scheduling-1] c.e.producer.service.MockDataGenerator   : Generated mock transaction: orderId=ORDER-0A028AC1, userId=1004, amount=$7491.5094519593595, status=PENDING
2025-07-31T14:00:33.282+07:00  INFO 2009258 --- [transaction-producer] [   scheduling-1] c.e.producer.service.TransactionService  : Creating new transaction: orderId=ORDER-4478E495
Hibernate: 
    insert 
    into
        transactions
        (amount, created_at, order_id, status, timestamp, updated_at, user_id) 
    values
        (?, ?, ?, ?, ?, ?, ?)
2025-07-31T14:00:33.284+07:00  INFO 2009258 --- [transaction-producer] [   scheduling-1] c.e.p.service.TransactionKafkaProducer   : Sending transaction to Kafka: orderId=ORDER-4478E495, userId=1005, amount=5529.523485450577
2025-07-31T14:00:33.284+07:00  INFO 2009258 --- [transaction-producer] [   scheduling-1] c.e.producer.service.TransactionService  : Transaction created and sent to Kafka: id=38, orderId=ORDER-4478E495
2025-07-31T14:00:33.285+07:00  INFO 2009258 --- [transaction-producer] [ad | producer-1] c.e.p.service.TransactionKafkaProducer   : Successfully sent transaction: orderId=ORDER-4478E495, offset=32
2025-07-31T14:00:33.286+07:00  INFO 2009258 --- [transaction-producer] [   scheduling-1] c.e.producer.service.MockDataGenerator   : Generated mock transaction: orderId=ORDER-4478E495, userId=1005, amount=$5529.523485450577, status=PENDING
2025-07-31T14:01:03.287+07:00  INFO 2009258 --- [transaction-producer] [   scheduling-1] c.e.producer.service.TransactionService  : Creating new transaction: orderId=ORDER-31F3C168
Hibernate: 
    insert 
    into
        transactions
        (amount, created_at, order_id, status, timestamp, updated_at, user_id) 
    values
        (?, ?, ?, ?, ?, ?, ?)
2025-07-31T14:01:03.289+07:00  INFO 2009258 --- [transaction-producer] [   scheduling-1] c.e.p.service.TransactionKafkaProducer   : Sending transaction to Kafka: orderId=ORDER-31F3C168, userId=1007, amount=7811.865810756339
2025-07-31T14:01:03.289+07:00  INFO 2009258 --- [transaction-producer] [   scheduling-1] c.e.producer.service.TransactionService  : Transaction created and sent to Kafka: id=39, orderId=ORDER-31F3C168
2025-07-31T14:01:03.290+07:00  INFO 2009258 --- [transaction-producer] [ad | producer-1] c.e.p.service.TransactionKafkaProducer   : Successfully sent transaction: orderId=ORDER-31F3C168, offset=33
2025-07-31T14:01:03.291+07:00  INFO 2009258 --- [transaction-producer] [   scheduling-1] c.e.producer.service.MockDataGenerator   : Generated mock transaction: orderId=ORDER-31F3C168, userId=1007, amount=$7811.865810756339, status=SUCCESS
2025-07-31T14:01:33.293+07:00  INFO 2009258 --- [transaction-producer] [   scheduling-1] c.e.producer.service.TransactionService  : Creating new transaction: orderId=ORDER-46365B68
Hibernate: 
    insert 
    into
        transactions
        (amount, created_at, order_id, status, timestamp, updated_at, user_id) 
    values
        (?, ?, ?, ?, ?, ?, ?)
2025-07-31T14:01:33.294+07:00  INFO 2009258 --- [transaction-producer] [   scheduling-1] c.e.p.service.TransactionKafkaProducer   : Sending transaction to Kafka: orderId=ORDER-46365B68, userId=1004, amount=9353.386242976583
2025-07-31T14:01:33.294+07:00  INFO 2009258 --- [transaction-producer] [   scheduling-1] c.e.producer.service.TransactionService  : Transaction created and sent to Kafka: id=40, orderId=ORDER-46365B68
2025-07-31T14:01:33.296+07:00  INFO 2009258 --- [transaction-producer] [ad | producer-1] c.e.p.service.TransactionKafkaProducer   : Successfully sent transaction: orderId=ORDER-46365B68, offset=34
2025-07-31T14:01:33.296+07:00  INFO 2009258 --- [transaction-producer] [   scheduling-1] c.e.producer.service.MockDataGenerator   : Generated mock transaction: orderId=ORDER-46365B68, userId=1004, amount=$9353.386242976583, status=PENDING
2025-07-31T14:02:03.298+07:00  INFO 2009258 --- [transaction-producer] [   scheduling-1] c.e.producer.service.TransactionService  : Creating new transaction: orderId=ORDER-396769DD
Hibernate: 
    insert 
    into
        transactions
        (amount, created_at, order_id, status, timestamp, updated_at, user_id) 
    values
        (?, ?, ?, ?, ?, ?, ?)
2025-07-31T14:02:03.299+07:00  INFO 2009258 --- [transaction-producer] [   scheduling-1] c.e.p.service.TransactionKafkaProducer   : Sending transaction to Kafka: orderId=ORDER-396769DD, userId=1007, amount=8757.3489811719
2025-07-31T14:02:03.299+07:00  INFO 2009258 --- [transaction-producer] [   scheduling-1] c.e.producer.service.TransactionService  : Transaction created and sent to Kafka: id=41, orderId=ORDER-396769DD
2025-07-31T14:02:03.301+07:00  INFO 2009258 --- [transaction-producer] [ad | producer-1] c.e.p.service.TransactionKafkaProducer   : Successfully sent transaction: orderId=ORDER-396769DD, offset=35
2025-07-31T14:02:03.302+07:00  INFO 2009258 --- [transaction-producer] [   scheduling-1] c.e.producer.service.MockDataGenerator   : Generated mock transaction: orderId=ORDER-396769DD, userId=1007, amount=$8757.3489811719, status=FAILED
2025-07-31T14:02:33.303+07:00  INFO 2009258 --- [transaction-producer] [   scheduling-1] c.e.producer.service.TransactionService  : Creating new transaction: orderId=ORDER-6000D3EB
Hibernate: 
    insert 
    into
        transactions
        (amount, created_at, order_id, status, timestamp, updated_at, user_id) 
    values
        (?, ?, ?, ?, ?, ?, ?)
2025-07-31T14:02:33.304+07:00  INFO 2009258 --- [transaction-producer] [   scheduling-1] c.e.p.service.TransactionKafkaProducer   : Sending transaction to Kafka: orderId=ORDER-6000D3EB, userId=1009, amount=6490.135470047158
2025-07-31T14:02:33.304+07:00  INFO 2009258 --- [transaction-producer] [   scheduling-1] c.e.producer.service.TransactionService  : Transaction created and sent to Kafka: id=42, orderId=ORDER-6000D3EB
2025-07-31T14:02:33.306+07:00  INFO 2009258 --- [transaction-producer] [ad | producer-1] c.e.p.service.TransactionKafkaProducer   : Successfully sent transaction: orderId=ORDER-6000D3EB, offset=36
2025-07-31T14:02:33.306+07:00  INFO 2009258 --- [transaction-producer] [   scheduling-1] c.e.producer.service.MockDataGenerator   : Generated mock transaction: orderId=ORDER-6000D3EB, userId=1009, amount=$6490.135470047158, status=FAILED
2025-07-31T14:03:03.308+07:00  INFO 2009258 --- [transaction-producer] [   scheduling-1] c.e.producer.service.TransactionService  : Creating new transaction: orderId=ORDER-EE3BC7A7
Hibernate: 
    insert 
    into
        transactions
        (amount, created_at, order_id, status, timestamp, updated_at, user_id) 
    values
        (?, ?, ?, ?, ?, ?, ?)
2025-07-31T14:03:03.309+07:00  INFO 2009258 --- [transaction-producer] [   scheduling-1] c.e.p.service.TransactionKafkaProducer   : Sending transaction to Kafka: orderId=ORDER-EE3BC7A7, userId=1010, amount=13360115.28523555
2025-07-31T14:03:03.309+07:00  INFO 2009258 --- [transaction-producer] [   scheduling-1] c.e.producer.service.TransactionService  : Transaction created and sent to Kafka: id=43, orderId=ORDER-EE3BC7A7
2025-07-31T14:03:03.311+07:00  INFO 2009258 --- [transaction-producer] [ad | producer-1] c.e.p.service.TransactionKafkaProducer   : Successfully sent transaction: orderId=ORDER-EE3BC7A7, offset=37
2025-07-31T14:03:03.312+07:00  INFO 2009258 --- [transaction-producer] [   scheduling-1] c.e.producer.service.MockDataGenerator   : Generated mock transaction: orderId=ORDER-EE3BC7A7, userId=1010, amount=$13360115.28523555, status=SUCCESS
2025-07-31T14:03:33.314+07:00  INFO 2009258 --- [transaction-producer] [   scheduling-1] c.e.producer.service.TransactionService  : Creating new transaction: orderId=ORDER-E18060FC
Hibernate: 
    insert 
    into
        transactions
        (amount, created_at, order_id, status, timestamp, updated_at, user_id) 
    values
        (?, ?, ?, ?, ?, ?, ?)
2025-07-31T14:03:33.315+07:00  INFO 2009258 --- [transaction-producer] [   scheduling-1] c.e.p.service.TransactionKafkaProducer   : Sending transaction to Kafka: orderId=ORDER-E18060FC, userId=1009, amount=4848.899247626354
2025-07-31T14:03:33.316+07:00  INFO 2009258 --- [transaction-producer] [   scheduling-1] c.e.producer.service.TransactionService  : Transaction created and sent to Kafka: id=44, orderId=ORDER-E18060FC
2025-07-31T14:03:33.317+07:00  INFO 2009258 --- [transaction-producer] [ad | producer-1] c.e.p.service.TransactionKafkaProducer   : Successfully sent transaction: orderId=ORDER-E18060FC, offset=38
2025-07-31T14:03:33.318+07:00  INFO 2009258 --- [transaction-producer] [   scheduling-1] c.e.producer.service.MockDataGenerator   : Generated mock transaction: orderId=ORDER-E18060FC, userId=1009, amount=$4848.899247626354, status=PENDING
2025-07-31T14:04:03.319+07:00  INFO 2009258 --- [transaction-producer] [   scheduling-1] c.e.producer.service.TransactionService  : Creating new transaction: orderId=ORDER-FA69284C
Hibernate: 
    insert 
    into
        transactions
        (amount, created_at, order_id, status, timestamp, updated_at, user_id) 
    values
        (?, ?, ?, ?, ?, ?, ?)
2025-07-31T14:04:03.321+07:00  INFO 2009258 --- [transaction-producer] [   scheduling-1] c.e.p.service.TransactionKafkaProducer   : Sending transaction to Kafka: orderId=ORDER-FA69284C, userId=1006, amount=8704.259494662112
2025-07-31T14:04:03.321+07:00  INFO 2009258 --- [transaction-producer] [   scheduling-1] c.e.producer.service.TransactionService  : Transaction created and sent to Kafka: id=45, orderId=ORDER-FA69284C
2025-07-31T14:04:03.323+07:00  INFO 2009258 --- [transaction-producer] [ad | producer-1] c.e.p.service.TransactionKafkaProducer   : Successfully sent transaction: orderId=ORDER-FA69284C, offset=39
2025-07-31T14:04:03.324+07:00  INFO 2009258 --- [transaction-producer] [   scheduling-1] c.e.producer.service.MockDataGenerator   : Generated mock transaction: orderId=ORDER-FA69284C, userId=1006, amount=$8704.259494662112, status=FAILED
2025-07-31T14:04:33.325+07:00  INFO 2009258 --- [transaction-producer] [   scheduling-1] c.e.producer.service.TransactionService  : Creating new transaction: orderId=ORDER-57412D76
Hibernate: 
    insert 
    into
        transactions
        (amount, created_at, order_id, status, timestamp, updated_at, user_id) 
    values
        (?, ?, ?, ?, ?, ?, ?)
2025-07-31T14:04:33.327+07:00  INFO 2009258 --- [transaction-producer] [   scheduling-1] c.e.p.service.TransactionKafkaProducer   : Sending transaction to Kafka: orderId=ORDER-57412D76, userId=1003, amount=4605.6607358436195
2025-07-31T14:04:33.328+07:00  INFO 2009258 --- [transaction-producer] [   scheduling-1] c.e.producer.service.TransactionService  : Transaction created and sent to Kafka: id=46, orderId=ORDER-57412D76
2025-07-31T14:04:33.329+07:00  INFO 2009258 --- [transaction-producer] [ad | producer-1] c.e.p.service.TransactionKafkaProducer   : Successfully sent transaction: orderId=ORDER-57412D76, offset=40
2025-07-31T14:04:33.330+07:00  INFO 2009258 --- [transaction-producer] [   scheduling-1] c.e.producer.service.MockDataGenerator   : Generated mock transaction: orderId=ORDER-57412D76, userId=1003, amount=$4605.6607358436195, status=SUCCESS
2025-07-31T14:05:03.332+07:00  INFO 2009258 --- [transaction-producer] [   scheduling-1] c.e.producer.service.TransactionService  : Creating new transaction: orderId=ORDER-1391A367
Hibernate: 
    insert 
    into
        transactions
        (amount, created_at, order_id, status, timestamp, updated_at, user_id) 
    values
        (?, ?, ?, ?, ?, ?, ?)
2025-07-31T14:05:03.333+07:00  INFO 2009258 --- [transaction-producer] [   scheduling-1] c.e.p.service.TransactionKafkaProducer   : Sending transaction to Kafka: orderId=ORDER-1391A367, userId=1005, amount=2269.886596660089
2025-07-31T14:05:03.334+07:00  INFO 2009258 --- [transaction-producer] [   scheduling-1] c.e.producer.service.TransactionService  : Transaction created and sent to Kafka: id=47, orderId=ORDER-1391A367
2025-07-31T14:05:03.335+07:00  INFO 2009258 --- [transaction-producer] [ad | producer-1] c.e.p.service.TransactionKafkaProducer   : Successfully sent transaction: orderId=ORDER-1391A367, offset=41
2025-07-31T14:05:03.336+07:00  INFO 2009258 --- [transaction-producer] [   scheduling-1] c.e.producer.service.MockDataGenerator   : Generated mock transaction: orderId=ORDER-1391A367, userId=1005, amount=$2269.886596660089, status=FAILED
2025-07-31T14:05:33.338+07:00  INFO 2009258 --- [transaction-producer] [   scheduling-1] c.e.producer.service.TransactionService  : Creating new transaction: orderId=ORDER-900DD2EB
Hibernate: 
    insert 
    into
        transactions
        (amount, created_at, order_id, status, timestamp, updated_at, user_id) 
    values
        (?, ?, ?, ?, ?, ?, ?)
2025-07-31T14:05:33.340+07:00  INFO 2009258 --- [transaction-producer] [   scheduling-1] c.e.p.service.TransactionKafkaProducer   : Sending transaction to Kafka: orderId=ORDER-900DD2EB, userId=1004, amount=8272.866588393039
2025-07-31T14:05:33.340+07:00  INFO 2009258 --- [transaction-producer] [   scheduling-1] c.e.producer.service.TransactionService  : Transaction created and sent to Kafka: id=48, orderId=ORDER-900DD2EB
2025-07-31T14:05:33.341+07:00  INFO 2009258 --- [transaction-producer] [ad | producer-1] c.e.p.service.TransactionKafkaProducer   : Successfully sent transaction: orderId=ORDER-900DD2EB, offset=42
2025-07-31T14:05:33.343+07:00  INFO 2009258 --- [transaction-producer] [   scheduling-1] c.e.producer.service.MockDataGenerator   : Generated mock transaction: orderId=ORDER-900DD2EB, userId=1004, amount=$8272.866588393039, status=FAILED
2025-07-31T14:06:03.344+07:00  INFO 2009258 --- [transaction-producer] [   scheduling-1] c.e.producer.service.TransactionService  : Creating new transaction: orderId=ORDER-25BD9284
Hibernate: 
    insert 
    into
        transactions
        (amount, created_at, order_id, status, timestamp, updated_at, user_id) 
    values
        (?, ?, ?, ?, ?, ?, ?)
2025-07-31T14:06:03.345+07:00  INFO 2009258 --- [transaction-producer] [   scheduling-1] c.e.p.service.TransactionKafkaProducer   : Sending transaction to Kafka: orderId=ORDER-25BD9284, userId=1002, amount=4100.734026554706
2025-07-31T14:06:03.345+07:00  INFO 2009258 --- [transaction-producer] [   scheduling-1] c.e.producer.service.TransactionService  : Transaction created and sent to Kafka: id=49, orderId=ORDER-25BD9284
2025-07-31T14:06:03.347+07:00  INFO 2009258 --- [transaction-producer] [ad | producer-1] c.e.p.service.TransactionKafkaProducer   : Successfully sent transaction: orderId=ORDER-25BD9284, offset=43
2025-07-31T14:06:03.349+07:00  INFO 2009258 --- [transaction-producer] [   scheduling-1] c.e.producer.service.MockDataGenerator   : Generated mock transaction: orderId=ORDER-25BD9284, userId=1002, amount=$4100.734026554706, status=FAILED
2025-07-31T14:06:33.351+07:00  INFO 2009258 --- [transaction-producer] [   scheduling-1] c.e.producer.service.TransactionService  : Creating new transaction: orderId=ORDER-BAA773AA
Hibernate: 
    insert 
    into
        transactions
        (amount, created_at, order_id, status, timestamp, updated_at, user_id) 
    values
        (?, ?, ?, ?, ?, ?, ?)
2025-07-31T14:06:33.352+07:00  INFO 2009258 --- [transaction-producer] [   scheduling-1] c.e.p.service.TransactionKafkaProducer   : Sending transaction to Kafka: orderId=ORDER-BAA773AA, userId=1002, amount=6618.182630011006
2025-07-31T14:06:33.353+07:00  INFO 2009258 --- [transaction-producer] [   scheduling-1] c.e.producer.service.TransactionService  : Transaction created and sent to Kafka: id=50, orderId=ORDER-BAA773AA
2025-07-31T14:06:33.354+07:00  INFO 2009258 --- [transaction-producer] [ad | producer-1] c.e.p.service.TransactionKafkaProducer   : Successfully sent transaction: orderId=ORDER-BAA773AA, offset=44
2025-07-31T14:06:33.355+07:00  INFO 2009258 --- [transaction-producer] [   scheduling-1] c.e.producer.service.MockDataGenerator   : Generated mock transaction: orderId=ORDER-BAA773AA, userId=1002, amount=$6618.182630011006, status=SUCCESS
2025-07-31T14:07:03.356+07:00  INFO 2009258 --- [transaction-producer] [   scheduling-1] c.e.producer.service.TransactionService  : Creating new transaction: orderId=ORDER-B53C77D7
Hibernate: 
    insert 
    into
        transactions
        (amount, created_at, order_id, status, timestamp, updated_at, user_id) 
    values
        (?, ?, ?, ?, ?, ?, ?)
2025-07-31T14:07:03.357+07:00  INFO 2009258 --- [transaction-producer] [   scheduling-1] c.e.p.service.TransactionKafkaProducer   : Sending transaction to Kafka: orderId=ORDER-B53C77D7, userId=1005, amount=7117.89202588005
2025-07-31T14:07:03.358+07:00  INFO 2009258 --- [transaction-producer] [   scheduling-1] c.e.producer.service.TransactionService  : Transaction created and sent to Kafka: id=51, orderId=ORDER-B53C77D7
2025-07-31T14:07:03.359+07:00  INFO 2009258 --- [transaction-producer] [ad | producer-1] c.e.p.service.TransactionKafkaProducer   : Successfully sent transaction: orderId=ORDER-B53C77D7, offset=45
2025-07-31T14:07:03.360+07:00  INFO 2009258 --- [transaction-producer] [   scheduling-1] c.e.producer.service.MockDataGenerator   : Generated mock transaction: orderId=ORDER-B53C77D7, userId=1005, amount=$7117.89202588005, status=SUCCESS
2025-07-31T14:07:33.362+07:00  INFO 2009258 --- [transaction-producer] [   scheduling-1] c.e.producer.service.TransactionService  : Creating new transaction: orderId=ORDER-07EB473A
Hibernate: 
    insert 
    into
        transactions
        (amount, created_at, order_id, status, timestamp, updated_at, user_id) 
    values
        (?, ?, ?, ?, ?, ?, ?)
2025-07-31T14:07:33.363+07:00  INFO 2009258 --- [transaction-producer] [   scheduling-1] c.e.p.service.TransactionKafkaProducer   : Sending transaction to Kafka: orderId=ORDER-07EB473A, userId=1005, amount=14150933.659675056
2025-07-31T14:07:33.364+07:00  INFO 2009258 --- [transaction-producer] [   scheduling-1] c.e.producer.service.TransactionService  : Transaction created and sent to Kafka: id=52, orderId=ORDER-07EB473A
2025-07-31T14:07:33.365+07:00  INFO 2009258 --- [transaction-producer] [ad | producer-1] c.e.p.service.TransactionKafkaProducer   : Successfully sent transaction: orderId=ORDER-07EB473A, offset=46
2025-07-31T14:07:33.367+07:00  INFO 2009258 --- [transaction-producer] [   scheduling-1] c.e.producer.service.MockDataGenerator   : Generated mock transaction: orderId=ORDER-07EB473A, userId=1005, amount=$14150933.659675056, status=SUCCESS
2025-07-31T14:08:03.369+07:00  INFO 2009258 --- [transaction-producer] [   scheduling-1] c.e.producer.service.TransactionService  : Creating new transaction: orderId=ORDER-128C71FC
Hibernate: 
    insert 
    into
        transactions
        (amount, created_at, order_id, status, timestamp, updated_at, user_id) 
    values
        (?, ?, ?, ?, ?, ?, ?)
2025-07-31T14:08:03.370+07:00  INFO 2009258 --- [transaction-producer] [   scheduling-1] c.e.p.service.TransactionKafkaProducer   : Sending transaction to Kafka: orderId=ORDER-128C71FC, userId=1005, amount=1687.1039367624153
2025-07-31T14:08:03.371+07:00  INFO 2009258 --- [transaction-producer] [   scheduling-1] c.e.producer.service.TransactionService  : Transaction created and sent to Kafka: id=53, orderId=ORDER-128C71FC
2025-07-31T14:08:03.372+07:00  INFO 2009258 --- [transaction-producer] [ad | producer-1] c.e.p.service.TransactionKafkaProducer   : Successfully sent transaction: orderId=ORDER-128C71FC, offset=47
2025-07-31T14:08:03.373+07:00  INFO 2009258 --- [transaction-producer] [   scheduling-1] c.e.producer.service.MockDataGenerator   : Generated mock transaction: orderId=ORDER-128C71FC, userId=1005, amount=$1687.1039367624153, status=PENDING
2025-07-31T14:08:33.375+07:00  INFO 2009258 --- [transaction-producer] [   scheduling-1] c.e.producer.service.TransactionService  : Creating new transaction: orderId=ORDER-0067F69C
Hibernate: 
    insert 
    into
        transactions
        (amount, created_at, order_id, status, timestamp, updated_at, user_id) 
    values
        (?, ?, ?, ?, ?, ?, ?)
2025-07-31T14:08:33.377+07:00  INFO 2009258 --- [transaction-producer] [   scheduling-1] c.e.p.service.TransactionKafkaProducer   : Sending transaction to Kafka: orderId=ORDER-0067F69C, userId=1003, amount=5210.849519994805
2025-07-31T14:08:33.377+07:00  INFO 2009258 --- [transaction-producer] [   scheduling-1] c.e.producer.service.TransactionService  : Transaction created and sent to Kafka: id=54, orderId=ORDER-0067F69C
2025-07-31T14:08:33.378+07:00  INFO 2009258 --- [transaction-producer] [ad | producer-1] c.e.p.service.TransactionKafkaProducer   : Successfully sent transaction: orderId=ORDER-0067F69C, offset=48
2025-07-31T14:08:33.379+07:00  INFO 2009258 --- [transaction-producer] [   scheduling-1] c.e.producer.service.MockDataGenerator   : Generated mock transaction: orderId=ORDER-0067F69C, userId=1003, amount=$5210.849519994805, status=SUCCESS
2025-07-31T14:09:03.381+07:00  INFO 2009258 --- [transaction-producer] [   scheduling-1] c.e.producer.service.TransactionService  : Creating new transaction: orderId=ORDER-594401FE
Hibernate: 
    insert 
    into
        transactions
        (amount, created_at, order_id, status, timestamp, updated_at, user_id) 
    values
        (?, ?, ?, ?, ?, ?, ?)
2025-07-31T14:09:03.382+07:00  INFO 2009258 --- [transaction-producer] [   scheduling-1] c.e.p.service.TransactionKafkaProducer   : Sending transaction to Kafka: orderId=ORDER-594401FE, userId=1010, amount=8006.12040223794
2025-07-31T14:09:03.382+07:00  INFO 2009258 --- [transaction-producer] [   scheduling-1] c.e.producer.service.TransactionService  : Transaction created and sent to Kafka: id=55, orderId=ORDER-594401FE
2025-07-31T14:09:03.384+07:00  INFO 2009258 --- [transaction-producer] [ad | producer-1] c.e.p.service.TransactionKafkaProducer   : Successfully sent transaction: orderId=ORDER-594401FE, offset=49
2025-07-31T14:09:03.385+07:00  INFO 2009258 --- [transaction-producer] [   scheduling-1] c.e.producer.service.MockDataGenerator   : Generated mock transaction: orderId=ORDER-594401FE, userId=1010, amount=$8006.12040223794, status=SUCCESS
2025-07-31T14:09:33.387+07:00  INFO 2009258 --- [transaction-producer] [   scheduling-1] c.e.producer.service.TransactionService  : Creating new transaction: orderId=ORDER-7C1F96AC
Hibernate: 
    insert 
    into
        transactions
        (amount, created_at, order_id, status, timestamp, updated_at, user_id) 
    values
        (?, ?, ?, ?, ?, ?, ?)
2025-07-31T14:09:33.388+07:00  INFO 2009258 --- [transaction-producer] [   scheduling-1] c.e.p.service.TransactionKafkaProducer   : Sending transaction to Kafka: orderId=ORDER-7C1F96AC, userId=1004, amount=3616.566023047615
2025-07-31T14:09:33.388+07:00  INFO 2009258 --- [transaction-producer] [   scheduling-1] c.e.producer.service.TransactionService  : Transaction created and sent to Kafka: id=56, orderId=ORDER-7C1F96AC
2025-07-31T14:09:33.389+07:00  INFO 2009258 --- [transaction-producer] [ad | producer-1] c.e.p.service.TransactionKafkaProducer   : Successfully sent transaction: orderId=ORDER-7C1F96AC, offset=50
2025-07-31T14:09:33.391+07:00  INFO 2009258 --- [transaction-producer] [   scheduling-1] c.e.producer.service.MockDataGenerator   : Generated mock transaction: orderId=ORDER-7C1F96AC, userId=1004, amount=$3616.566023047615, status=SUCCESS
2025-07-31T14:10:03.393+07:00  INFO 2009258 --- [transaction-producer] [   scheduling-1] c.e.producer.service.TransactionService  : Creating new transaction: orderId=ORDER-F54D9EB4
Hibernate: 
    insert 
    into
        transactions
        (amount, created_at, order_id, status, timestamp, updated_at, user_id) 
    values
        (?, ?, ?, ?, ?, ?, ?)
2025-07-31T14:10:03.395+07:00  INFO 2009258 --- [transaction-producer] [   scheduling-1] c.e.p.service.TransactionKafkaProducer   : Sending transaction to Kafka: orderId=ORDER-F54D9EB4, userId=1009, amount=375.7233792688384
2025-07-31T14:10:03.395+07:00  INFO 2009258 --- [transaction-producer] [   scheduling-1] c.e.producer.service.TransactionService  : Transaction created and sent to Kafka: id=57, orderId=ORDER-F54D9EB4
2025-07-31T14:10:03.397+07:00  INFO 2009258 --- [transaction-producer] [ad | producer-1] c.e.p.service.TransactionKafkaProducer   : Successfully sent transaction: orderId=ORDER-F54D9EB4, offset=51
2025-07-31T14:10:03.397+07:00  INFO 2009258 --- [transaction-producer] [   scheduling-1] c.e.producer.service.MockDataGenerator   : Generated mock transaction: orderId=ORDER-F54D9EB4, userId=1009, amount=$375.7233792688384, status=FAILED
2025-07-31T14:10:33.399+07:00  INFO 2009258 --- [transaction-producer] [   scheduling-1] c.e.producer.service.TransactionService  : Creating new transaction: orderId=ORDER-E60FF74C
Hibernate: 
    insert 
    into
        transactions
        (amount, created_at, order_id, status, timestamp, updated_at, user_id) 
    values
        (?, ?, ?, ?, ?, ?, ?)
2025-07-31T14:10:33.400+07:00  INFO 2009258 --- [transaction-producer] [   scheduling-1] c.e.p.service.TransactionKafkaProducer   : Sending transaction to Kafka: orderId=ORDER-E60FF74C, userId=1001, amount=8839.995930272347
2025-07-31T14:10:33.401+07:00  INFO 2009258 --- [transaction-producer] [   scheduling-1] c.e.producer.service.TransactionService  : Transaction created and sent to Kafka: id=58, orderId=ORDER-E60FF74C
2025-07-31T14:10:33.402+07:00  INFO 2009258 --- [transaction-producer] [ad | producer-1] c.e.p.service.TransactionKafkaProducer   : Successfully sent transaction: orderId=ORDER-E60FF74C, offset=52
2025-07-31T14:10:33.402+07:00  INFO 2009258 --- [transaction-producer] [   scheduling-1] c.e.producer.service.MockDataGenerator   : Generated mock transaction: orderId=ORDER-E60FF74C, userId=1001, amount=$8839.995930272347, status=FAILED
2025-07-31T14:11:03.403+07:00  INFO 2009258 --- [transaction-producer] [   scheduling-1] c.e.producer.service.TransactionService  : Creating new transaction: orderId=ORDER-4D16CA5C
Hibernate: 
    insert 
    into
        transactions
        (amount, created_at, order_id, status, timestamp, updated_at, user_id) 
    values
        (?, ?, ?, ?, ?, ?, ?)
2025-07-31T14:11:03.404+07:00  INFO 2009258 --- [transaction-producer] [   scheduling-1] c.e.p.service.TransactionKafkaProducer   : Sending transaction to Kafka: orderId=ORDER-4D16CA5C, userId=1010, amount=14723414.159900924
2025-07-31T14:11:03.405+07:00  INFO 2009258 --- [transaction-producer] [   scheduling-1] c.e.producer.service.TransactionService  : Transaction created and sent to Kafka: id=59, orderId=ORDER-4D16CA5C
2025-07-31T14:11:03.406+07:00  INFO 2009258 --- [transaction-producer] [ad | producer-1] c.e.p.service.TransactionKafkaProducer   : Successfully sent transaction: orderId=ORDER-4D16CA5C, offset=53
2025-07-31T14:11:03.407+07:00  INFO 2009258 --- [transaction-producer] [   scheduling-1] c.e.producer.service.MockDataGenerator   : Generated mock transaction: orderId=ORDER-4D16CA5C, userId=1010, amount=$14723414.159900924, status=SUCCESS
